2019-08-01 09:45:26.375 DEBUG 1020 --- [main] o.s.web.context.ContextLoader            : Published root WebApplicationContext as ServletContext attribute with name [org.springframework.web.context.WebApplicationContext.ROOT]
2019-08-01 09:45:26.384  INFO 1020 --- [main] o.s.web.context.ContextLoader            : Root WebApplicationContext: initialization completed in 19858 ms
2019-08-01 09:45:46.132 DEBUG 1020 --- [main] o.s.w.s.handler.SimpleUrlHandlerMapping  : Patterns [/**/favicon.ico] in 'faviconHandlerMapping'
2019-08-01 09:45:46.918 DEBUG 1020 --- [main] s.w.s.m.m.a.RequestMappingHandlerAdapter : ControllerAdvice beans: 0 @ModelAttribute, 0 @InitBinder, 1 RequestBodyAdvice, 1 ResponseBodyAdvice
2019-08-01 09:45:47.187  WARN 1020 --- [main] aWebConfiguration$JpaWebMvcConfiguration : spring.jpa.open-in-view is enabled by default. Therefore, database queries may be performed during view rendering. Explicitly configure spring.jpa.open-in-view to disable this warning
2019-08-01 09:45:47.389 DEBUG 1020 --- [main] s.w.s.m.m.a.RequestMappingHandlerMapping : 3 mappings in 'requestMappingHandlerMapping'
2019-08-01 09:45:47.474 DEBUG 1020 --- [main] o.s.w.s.handler.SimpleUrlHandlerMapping  : Patterns [/webjars/**, /**] in 'resourceHandlerMapping'
2019-08-01 09:45:47.521 DEBUG 1020 --- [main] .m.m.a.ExceptionHandlerExceptionResolver : ControllerAdvice beans: 0 @ExceptionHandler, 1 ResponseBodyAdvice
2019-08-01 09:45:47.599  WARN 1020 --- [main] ion$DefaultTemplateResolverConfiguration : Cannot find template location: classpath:/templates/ (please add some templates or check your Thymeleaf configuration)
2019-08-01 10:45:47.271  INFO 1020 --- [http-nio-8080-exec-1] o.s.web.servlet.DispatcherServlet        : Initializing Servlet 'dispatcherServlet'
2019-08-01 10:45:47.272 DEBUG 1020 --- [http-nio-8080-exec-1] o.s.web.servlet.DispatcherServlet        : Detected StandardServletMultipartResolver
2019-08-01 10:45:47.338 DEBUG 1020 --- [http-nio-8080-exec-1] o.s.web.servlet.DispatcherServlet        : enableLoggingRequestDetails='false': request parameters and headers will be masked to prevent unsafe logging of potentially sensitive data
2019-08-01 10:45:47.339  INFO 1020 --- [http-nio-8080-exec-1] o.s.web.servlet.DispatcherServlet        : Completed initialization in 67 ms
2019-08-01 10:45:47.579 DEBUG 1020 --- [http-nio-8080-exec-1] o.s.web.servlet.DispatcherServlet        : GET "/acntwg/getwage?accno=1057-701-8234561-1", parameters={masked}
2019-08-01 10:45:47.611 DEBUG 1020 --- [http-nio-8080-exec-1] s.w.s.m.m.a.RequestMappingHandlerMapping : Mapped to public java.lang.Double com.controller.AcntwgController.getwage(java.lang.String)
2019-08-01 10:45:48.361 DEBUG 1020 --- [http-nio-8080-exec-1] org.hibernate.SQL                        : select acntwg0_.wage as col_0_0_ from viw_acntwg acntwg0_ where acntwg0_.acntno=?
2019-08-01 10:45:48.486 TRACE 1020 --- [http-nio-8080-exec-1] o.h.type.descriptor.sql.BasicBinder      : binding parameter [1] as [VARCHAR] - [1057-701-8234561-1]
2019-08-01 10:45:48.952 DEBUG 1020 --- [http-nio-8080-exec-1] m.m.a.RequestResponseBodyMethodProcessor : Using 'application/json', given [*/*] and supported [application/json, application/*+json, application/json, application/*+json]
2019-08-01 10:45:48.988 DEBUG 1020 --- [http-nio-8080-exec-1] m.m.a.RequestResponseBodyMethodProcessor : Writing [123456.0]
2019-08-01 10:45:49.048 DEBUG 1020 --- [http-nio-8080-exec-1] o.s.web.servlet.DispatcherServlet        : Completed 200 OK
